2022-01-13 03:59:32,183 1235301 INFO ? odoo: Odoo version 14.0 
2022-01-13 03:59:32,184 1235301 INFO ? odoo: Using configuration file at /home/thinhnv/Desktop/Odoo/05.Config/config.cfg 
2022-01-13 03:59:32,184 1235301 INFO ? odoo: addons paths: ['/home/thinhnv/Desktop/Odoo/99.Odoo14/server/odoo/addons', '/home/thinhnv/Desktop/Odoo/03.Filestore/filestore/addons/14.0', '/home/thinhnv/Desktop/Odoo/99.Odoo14/server/addons', '/home/thinhnv/Desktop/Odoo/99.Odoo14/myAddon', '/home/thinhnv/Desktop/Odoo/99.Odoo14/server/odoo'] 
2022-01-13 03:59:32,185 1235301 INFO ? odoo: database: thinhnv@localhost:5432 
2022-01-13 03:59:32,580 1235301 INFO ? odoo.addons.base.models.ir_actions_report: You need Wkhtmltopdf to print a pdf version of the reports. 
2022-01-13 03:59:32,824 1235301 INFO ? odoo.service.server: HTTP service (werkzeug) running on localhost:8014 
2022-01-13 03:59:32,842 1235301 INFO pro15 odoo.modules.loading: loading 1 modules... 
2022-01-13 03:59:32,872 1235301 INFO pro15 odoo.modules.loading: 1 modules loaded in 0.03s, 0 queries (+0 extra) 
2022-01-13 03:59:33,109 1235301 INFO pro15 odoo.modules.loading: updating modules list 
2022-01-13 03:59:33,116 1235301 INFO pro15 odoo.addons.base.models.ir_module: ALLOW access to module.update_list on [] to user __system__ #1 via n/a 
2022-01-13 03:59:34,938 1235301 INFO pro15 odoo.addons.base.models.ir_module: ALLOW access to module.button_upgrade on ['My library'] to user __system__ #1 via n/a 
2022-01-13 03:59:34,939 1235301 INFO pro15 odoo.addons.base.models.ir_module: ALLOW access to module.update_list on ['My library'] to user __system__ #1 via n/a 
2022-01-13 03:59:36,367 1235301 INFO pro15 odoo.addons.base.models.ir_module: ALLOW access to module.button_install on [] to user __system__ #1 via n/a 
2022-01-13 03:59:36,475 1235301 WARNING pro15 odoo.modules.graph: module my_module: not installable, skipped 
2022-01-13 03:59:36,506 1235301 INFO pro15 odoo.modules.loading: loading 77 modules... 
2022-01-13 03:59:36,515 1235301 WARNING pro15 odoo.models: The model salary has no _description 
2022-01-13 03:59:36,515 1235301 WARNING pro15 odoo.models: The model intrutor has no _description 
2022-01-13 03:59:36,516 1235301 INFO pro15 odoo.modules.loading: Loading module my_library (3/77) 
2022-01-13 03:59:36,563 1235301 WARNING pro15 odoo.models: The model library.book.category has no _description 
2022-01-13 03:59:36,608 1235301 INFO pro15 odoo.modules.registry: module my_library: creating or updating database tables 
2022-01-13 03:59:37,051 1235301 INFO pro15 odoo.modules.loading: loading my_library/security/groups.xml 
2022-01-13 03:59:37,136 1235301 INFO pro15 odoo.modules.loading: loading my_library/security/ir.model.access.csv 
2022-01-13 03:59:37,237 1235301 INFO pro15 odoo.modules.loading: loading my_library/views/librarybook.xml 
2022-01-13 03:59:37,360 1235301 INFO pro15 odoo.modules.loading: loading my_library/views/library_book_categ.xml 
2022-01-13 03:59:37,485 1235301 INFO pro15 odoo.modules.loading: Module my_library loaded in 0.97s, 244 queries 
2022-01-13 03:59:37,518 1235301 WARNING pro15 odoo.models: The model salary has no _description 
2022-01-13 03:59:37,519 1235301 WARNING pro15 odoo.models: The model intrutor has no _description 
2022-01-13 03:59:37,519 1235301 WARNING pro15 odoo.models: The model library.book.category has no _description 
2022-01-13 03:59:37,588 1235301 WARNING pro15 odoo.models: The model salary has no _description 
2022-01-13 03:59:37,589 1235301 WARNING pro15 odoo.models: The model intrutor has no _description 
2022-01-13 03:59:37,589 1235301 WARNING pro15 odoo.models: The model library.book.category has no _description 
2022-01-13 03:59:37,873 1235301 WARNING pro15 odoo.models: The model salary has no _description 
2022-01-13 03:59:37,874 1235301 WARNING pro15 odoo.models: The model intrutor has no _description 
2022-01-13 03:59:37,874 1235301 WARNING pro15 odoo.models: The model library.book.category has no _description 
2022-01-13 03:59:37,908 1235301 WARNING pro15 odoo.models: The model salary has no _description 
2022-01-13 03:59:37,909 1235301 WARNING pro15 odoo.models: The model intrutor has no _description 
2022-01-13 03:59:37,909 1235301 WARNING pro15 odoo.models: The model library.book.category has no _description 
2022-01-13 03:59:38,293 1235301 WARNING pro15 odoo.models: The model product.pet has no _description 
2022-01-13 03:59:38,684 1235301 WARNING pro15 odoo.models: The model salary has no _description 
2022-01-13 03:59:38,684 1235301 WARNING pro15 odoo.models: The model intrutor has no _description 
2022-01-13 03:59:38,685 1235301 WARNING pro15 odoo.models: The model library.book.category has no _description 
2022-01-13 03:59:38,694 1235301 WARNING pro15 odoo.models: The model product.pet has no _description 
2022-01-13 03:59:39,147 1235301 INFO pro15 odoo.modules.loading: 77 modules loaded in 2.64s, 244 queries (+0 extra) 
2022-01-13 03:59:39,150 1235301 WARNING pro15 odoo.modules.graph: module my_module: not installable, skipped 
2022-01-13 03:59:39,158 1235301 INFO pro15 odoo.modules.loading: loading 77 modules... 
2022-01-13 03:59:39,160 1235301 INFO pro15 odoo.modules.loading: 77 modules loaded in 0.00s, 0 queries (+0 extra) 
2022-01-13 03:59:39,163 1235301 WARNING pro15 odoo.modules.graph: module my_module: not installable, skipped 
2022-01-13 03:59:39,169 1235301 INFO pro15 odoo.modules.loading: loading 77 modules... 
2022-01-13 03:59:39,170 1235301 INFO pro15 odoo.modules.loading: 77 modules loaded in 0.00s, 0 queries (+0 extra) 
2022-01-13 03:59:39,171 1235301 ERROR pro15 odoo.modules.loading: Some modules are not loaded, some dependencies or manifest may be missing: ['my_module'] 
2022-01-13 03:59:41,272 1235301 INFO pro15 odoo.modules.loading: Model library.book.rent is declared but cannot be loaded! (Perhaps a module was partially removed or renamed) 
2022-01-13 03:59:41,273 1235301 INFO pro15 odoo.modules.loading: Model library.book.rent.statistics is declared but cannot be loaded! (Perhaps a module was partially removed or renamed) 
2022-01-13 03:59:41,273 1235301 INFO pro15 odoo.modules.loading: Model library.rent.wizard is declared but cannot be loaded! (Perhaps a module was partially removed or renamed) 
2022-01-13 03:59:41,273 1235301 INFO pro15 odoo.modules.loading: Model library.return.wizard is declared but cannot be loaded! (Perhaps a module was partially removed or renamed) 
2022-01-13 03:59:41,277 1235301 INFO pro15 odoo.addons.base.models.ir_model: Deleting 537@ir.ui.menu (my_library.library_book_setting_menu) 
2022-01-13 03:59:41,954 1235301 INFO pro15 odoo.models.unlink: User #1 deleted ir.model.data records with IDs: [106963] 
2022-01-13 03:59:41,954 1235301 INFO pro15 odoo.models.unlink: User #1 deleted ir.ui.menu records with IDs: [537] 
2022-01-13 03:59:41,956 1235301 INFO pro15 odoo.addons.base.models.ir_model: Deleting 670@ir.actions.act_window (my_library.library_config_settings_action) 
2022-01-13 03:59:41,975 1235301 INFO pro15 odoo.models.unlink: User #1 deleted ir.model.data records with IDs: [106962] 
2022-01-13 03:59:41,975 1235301 INFO pro15 odoo.models.unlink: User #1 deleted ir.actions.act_window records with IDs: [670] 
2022-01-13 03:59:41,979 1235301 INFO pro15 odoo.addons.base.models.ir_model: Deleting 1974@ir.ui.view (my_library.res_config_settings_view_form) 
2022-01-13 03:59:42,006 1235301 INFO pro15 odoo.models.unlink: User #1 deleted ir.model.data records with IDs: [106961] 
2022-01-13 03:59:42,006 1235301 INFO pro15 odoo.models.unlink: User #1 deleted ir.ui.view records with IDs: [1974] 
2022-01-13 03:59:42,008 1235301 INFO pro15 odoo.addons.base.models.ir_model: Deleting 1973@ir.ui.view (my_library.library_book_rent_view_pivot) 
2022-01-13 03:59:42,031 1235301 INFO pro15 odoo.models.unlink: User #1 deleted ir.model.data records with IDs: [106960] 
2022-01-13 03:59:42,032 1235301 INFO pro15 odoo.models.unlink: User #1 deleted ir.ui.view records with IDs: [1973] 
2022-01-13 03:59:42,034 1235301 INFO pro15 odoo.addons.base.models.ir_model: Deleting 536@ir.ui.menu (my_library.library_book_rent_statistics_menu) 
2022-01-13 03:59:42,053 1235301 INFO pro15 odoo.models.unlink: User #1 deleted ir.model.data records with IDs: [106959] 
2022-01-13 03:59:42,054 1235301 INFO pro15 odoo.models.unlink: User #1 deleted ir.ui.menu records with IDs: [536] 
2022-01-13 03:59:42,055 1235301 INFO pro15 odoo.addons.base.models.ir_model: Deleting 669@ir.actions.act_window (my_library.library_book_rent_statistics_action) 
2022-01-13 03:59:42,074 1235301 INFO pro15 odoo.models.unlink: User #1 deleted ir.model.data records with IDs: [106958] 
2022-01-13 03:59:42,075 1235301 INFO pro15 odoo.models.unlink: User #1 deleted ir.actions.act_window records with IDs: [669] 
2022-01-13 03:59:42,076 1235301 INFO pro15 odoo.addons.base.models.ir_model: Deleting 535@ir.ui.menu (my_library.menu_wizard_return_books) 
2022-01-13 03:59:42,093 1235301 INFO pro15 odoo.models.unlink: User #1 deleted ir.model.data records with IDs: [106957] 
2022-01-13 03:59:42,094 1235301 INFO pro15 odoo.models.unlink: User #1 deleted ir.ui.menu records with IDs: [535] 
2022-01-13 03:59:42,095 1235301 INFO pro15 odoo.addons.base.models.ir_model: Deleting 668@ir.actions.act_window (my_library.action_wizard_return_books) 
2022-01-13 03:59:42,112 1235301 INFO pro15 odoo.models.unlink: User #1 deleted ir.model.data records with IDs: [106956] 
2022-01-13 03:59:42,113 1235301 INFO pro15 odoo.models.unlink: User #1 deleted ir.actions.act_window records with IDs: [668] 
2022-01-13 03:59:42,116 1235301 INFO pro15 odoo.addons.base.models.ir_model: Deleting 1972@ir.ui.view (my_library.library_return_wizard_form) 
2022-01-13 03:59:42,138 1235301 INFO pro15 odoo.models.unlink: User #1 deleted ir.model.data records with IDs: [106955] 
2022-01-13 03:59:42,138 1235301 INFO pro15 odoo.models.unlink: User #1 deleted ir.ui.view records with IDs: [1972] 
2022-01-13 03:59:42,140 1235301 INFO pro15 odoo.addons.base.models.ir_model: Deleting 534@ir.ui.menu (my_library.menu_wizard_rent_books) 
2022-01-13 03:59:42,158 1235301 INFO pro15 odoo.models.unlink: User #1 deleted ir.model.data records with IDs: [106954] 
2022-01-13 03:59:42,158 1235301 INFO pro15 odoo.models.unlink: User #1 deleted ir.ui.menu records with IDs: [534] 
2022-01-13 03:59:42,159 1235301 INFO pro15 odoo.addons.base.models.ir_model: Deleting 667@ir.actions.act_window (my_library.action_wizard_rent_books) 
2022-01-13 03:59:42,180 1235301 INFO pro15 odoo.models.unlink: User #1 deleted ir.model.data records with IDs: [106953] 
2022-01-13 03:59:42,181 1235301 INFO pro15 odoo.models.unlink: User #1 deleted ir.actions.act_window records with IDs: [667] 
2022-01-13 03:59:42,184 1235301 INFO pro15 odoo.addons.base.models.ir_model: Deleting 1971@ir.ui.view (my_library.library_rent_wizard_form) 
2022-01-13 03:59:42,212 1235301 INFO pro15 odoo.models.unlink: User #1 deleted ir.model.data records with IDs: [106952] 
2022-01-13 03:59:42,212 1235301 INFO pro15 odoo.models.unlink: User #1 deleted ir.ui.view records with IDs: [1971] 
2022-01-13 03:59:42,216 1235301 INFO pro15 odoo.addons.base.models.ir_model: Deleting 1970@ir.ui.view (my_library.library_book_rent_view_search) 
2022-01-13 03:59:42,240 1235301 INFO pro15 odoo.models.unlink: User #1 deleted ir.model.data records with IDs: [106951] 
2022-01-13 03:59:42,241 1235301 INFO pro15 odoo.models.unlink: User #1 deleted ir.ui.view records with IDs: [1970] 
2022-01-13 03:59:42,243 1235301 INFO pro15 odoo.addons.base.models.ir_model: Deleting 1969@ir.ui.view (my_library.library_book_rent_view_tree) 
2022-01-13 03:59:42,267 1235301 INFO pro15 odoo.models.unlink: User #1 deleted ir.model.data records with IDs: [106950] 
2022-01-13 03:59:42,268 1235301 INFO pro15 odoo.models.unlink: User #1 deleted ir.ui.view records with IDs: [1969] 
2022-01-13 03:59:42,270 1235301 INFO pro15 odoo.addons.base.models.ir_model: Deleting 1968@ir.ui.view (my_library.library_book_rent_view_form) 
2022-01-13 03:59:42,291 1235301 INFO pro15 odoo.models.unlink: User #1 deleted ir.model.data records with IDs: [106949] 
2022-01-13 03:59:42,292 1235301 INFO pro15 odoo.models.unlink: User #1 deleted ir.ui.view records with IDs: [1968] 
2022-01-13 03:59:42,293 1235301 INFO pro15 odoo.addons.base.models.ir_model: Deleting 533@ir.ui.menu (my_library.library_book_rent_menu) 
2022-01-13 03:59:42,309 1235301 INFO pro15 odoo.models.unlink: User #1 deleted ir.model.data records with IDs: [106948] 
2022-01-13 03:59:42,310 1235301 INFO pro15 odoo.models.unlink: User #1 deleted ir.ui.menu records with IDs: [533] 
2022-01-13 03:59:42,311 1235301 INFO pro15 odoo.addons.base.models.ir_model: Deleting 666@ir.actions.act_window (my_library.library_book_rent_action) 
2022-01-13 03:59:42,327 1235301 INFO pro15 odoo.models.unlink: User #1 deleted ir.model.data records with IDs: [106947] 
2022-01-13 03:59:42,327 1235301 INFO pro15 odoo.models.unlink: User #1 deleted ir.actions.act_window records with IDs: [666] 
2022-01-13 03:59:42,329 1235301 INFO pro15 odoo.addons.base.models.ir_model: Deleting 1163@ir.model.access (my_library.access_library_return_wizard) 
2022-01-13 03:59:42,345 1235301 INFO pro15 odoo.models.unlink: User #1 deleted ir.model.data records with IDs: [106936] 
2022-01-13 03:59:42,345 1235301 INFO pro15 odoo.models.unlink: User #1 deleted ir.model.access records with IDs: [1163] 
2022-01-13 03:59:42,347 1235301 INFO pro15 odoo.addons.base.models.ir_model: Deleting 1162@ir.model.access (my_library.access_library_rent_wizard) 
2022-01-13 03:59:42,360 1235301 INFO pro15 odoo.models.unlink: User #1 deleted ir.model.data records with IDs: [106935] 
2022-01-13 03:59:42,360 1235301 INFO pro15 odoo.models.unlink: User #1 deleted ir.model.access records with IDs: [1162] 
2022-01-13 03:59:42,361 1235301 INFO pro15 odoo.addons.base.models.ir_model: Deleting 1161@ir.model.access (my_library.book_rent_statistics_librarian) 
2022-01-13 03:59:42,379 1235301 INFO pro15 odoo.models.unlink: User #1 deleted ir.model.data records with IDs: [106934] 
2022-01-13 03:59:42,379 1235301 INFO pro15 odoo.models.unlink: User #1 deleted ir.model.access records with IDs: [1161] 
2022-01-13 03:59:42,381 1235301 INFO pro15 odoo.addons.base.models.ir_model: Deleting 1160@ir.model.access (my_library.access_library_book_rent_librarian) 
2022-01-13 03:59:42,394 1235301 INFO pro15 odoo.models.unlink: User #1 deleted ir.model.data records with IDs: [106933] 
2022-01-13 03:59:42,395 1235301 INFO pro15 odoo.models.unlink: User #1 deleted ir.model.access records with IDs: [1160] 
2022-01-13 03:59:42,396 1235301 INFO pro15 odoo.addons.base.models.ir_model: Deleting 1159@ir.model.access (my_library.access_library_book_rent) 
2022-01-13 03:59:42,410 1235301 INFO pro15 odoo.models.unlink: User #1 deleted ir.model.data records with IDs: [106932] 
2022-01-13 03:59:42,410 1235301 INFO pro15 odoo.models.unlink: User #1 deleted ir.model.access records with IDs: [1159] 
2022-01-13 03:59:42,411 1235301 INFO pro15 odoo.addons.base.models.ir_model: Deleting 1156@ir.model.access (my_library.access_library_book_librarian) 
2022-01-13 03:59:42,425 1235301 INFO pro15 odoo.models.unlink: User #1 deleted ir.model.data records with IDs: [106929] 
2022-01-13 03:59:42,425 1235301 INFO pro15 odoo.models.unlink: User #1 deleted ir.model.access records with IDs: [1156] 
2022-01-13 03:59:42,426 1235301 INFO pro15 odoo.addons.base.models.ir_model: Deleting 96@res.groups (my_library.group_self_borrow) 
2022-01-13 03:59:42,507 1235301 INFO pro15 odoo.models.unlink: User #1 deleted ir.model.data records with IDs: [106927] 
2022-01-13 03:59:42,508 1235301 INFO pro15 odoo.models.unlink: User #1 deleted res.groups records with IDs: [96] 
2022-01-13 03:59:42,724 1235301 INFO pro15 odoo.addons.base.models.ir_model: Deleting 1596@ir.model.fields.selection (my_library.selection__library_book_rent__state__returned) 
2022-01-13 03:59:42,731 1235301 WARNING pro15 odoo.modules.loading: Transient module states were reset 
2022-01-13 03:59:42,733 1235301 ERROR pro15 odoo.modules.registry: Failed to load registry 
2022-01-13 03:59:42,733 1235301 CRITICAL pro15 odoo.service.server: Failed to initialize database `pro15`. 
Traceback (most recent call last):
  File "/home/thinhnv/Desktop/Odoo/99.Odoo14/server/odoo/service/server.py", line 1199, in preload_registries
    registry = Registry.new(dbname, update_module=update_module)
  File "/home/thinhnv/Desktop/Odoo/99.Odoo14/server/odoo/modules/registry.py", line 89, in new
    odoo.modules.load_modules(registry._db, force_demo, status, update_module)
  File "/home/thinhnv/Desktop/Odoo/99.Odoo14/server/odoo/modules/loading.py", line 503, in load_modules
    env['ir.model.data']._process_end(processed_modules)
  File "/home/thinhnv/Desktop/Odoo/99.Odoo14/server/odoo/addons/base/models/ir_model.py", line 2296, in _process_end
    record.unlink()
  File "/home/thinhnv/Desktop/Odoo/99.Odoo14/server/odoo/addons/base/models/ir_model.py", line 1370, in unlink
    self._process_ondelete()
  File "/home/thinhnv/Desktop/Odoo/99.Odoo14/server/odoo/addons/base/models/ir_model.py", line 1408, in _process_ondelete
    Model = self.env[selection.field_id.model]
  File "/home/thinhnv/Desktop/Odoo/99.Odoo14/server/odoo/api.py", line 476, in __getitem__
    return self.registry[model_name]._browse(self, (), ())
  File "/home/thinhnv/Desktop/Odoo/99.Odoo14/server/odoo/modules/registry.py", line 177, in __getitem__
    return self.models[model_name]
KeyError: 'library.book.rent'
2022-01-13 03:59:49,013 1235301 INFO ? odoo.http: HTTP Configuring static files 
2022-01-13 03:59:49,031 1235301 INFO pro15 odoo.modules.loading: loading 1 modules... 
2022-01-13 03:59:49,075 1235301 INFO pro15 odoo.modules.loading: 1 modules loaded in 0.04s, 0 queries (+0 extra) 
2022-01-13 03:59:49,137 1235301 WARNING pro15 odoo.modules.graph: module my_module: not installable, skipped 
2022-01-13 03:59:49,178 1235301 INFO pro15 odoo.modules.loading: loading 77 modules... 
2022-01-13 03:59:49,180 1235301 WARNING pro15 odoo.models: The model salary has no _description 
2022-01-13 03:59:49,181 1235301 WARNING pro15 odoo.models: The model intrutor has no _description 
2022-01-13 03:59:49,182 1235301 INFO pro15 odoo.modules.loading: Loading module my_library (3/77) 
2022-01-13 03:59:49,410 1235301 WARNING pro15 odoo.models: The model library.book.category has no _description 
2022-01-13 03:59:49,458 1235301 INFO pro15 odoo.modules.registry: module my_library: creating or updating database tables 
2022-01-13 03:59:49,582 1235301 INFO pro15 odoo.modules.loading: loading my_library/security/groups.xml 
2022-01-13 03:59:49,709 1235301 INFO pro15 odoo.modules.loading: loading my_library/security/ir.model.access.csv 
2022-01-13 03:59:49,796 1235301 INFO pro15 odoo.modules.loading: loading my_library/views/librarybook.xml 
2022-01-13 03:59:49,893 1235301 INFO pro15 odoo.modules.loading: loading my_library/views/library_book_categ.xml 
2022-01-13 03:59:50,000 1235301 INFO pro15 odoo.modules.loading: Module my_library loaded in 0.82s, 240 queries 
2022-01-13 03:59:50,019 1235301 WARNING pro15 odoo.models: The model salary has no _description 
2022-01-13 03:59:50,019 1235301 WARNING pro15 odoo.models: The model intrutor has no _description 
2022-01-13 03:59:50,020 1235301 WARNING pro15 odoo.models: The model library.book.category has no _description 
2022-01-13 03:59:50,042 1235301 WARNING pro15 odoo.models: The model salary has no _description 
2022-01-13 03:59:50,042 1235301 WARNING pro15 odoo.models: The model intrutor has no _description 
2022-01-13 03:59:50,043 1235301 WARNING pro15 odoo.models: The model library.book.category has no _description 
2022-01-13 03:59:50,109 1235301 WARNING pro15 odoo.models: The model salary has no _description 
2022-01-13 03:59:50,110 1235301 WARNING pro15 odoo.models: The model intrutor has no _description 
2022-01-13 03:59:50,110 1235301 WARNING pro15 odoo.models: The model library.book.category has no _description 
2022-01-13 03:59:50,142 1235301 WARNING pro15 odoo.models: The model salary has no _description 
2022-01-13 03:59:50,143 1235301 WARNING pro15 odoo.models: The model intrutor has no _description 
2022-01-13 03:59:50,143 1235301 WARNING pro15 odoo.models: The model library.book.category has no _description 
2022-01-13 03:59:50,217 1235301 WARNING pro15 odoo.models: The model product.pet has no _description 
2022-01-13 03:59:50,355 1235301 WARNING pro15 odoo.models: The model salary has no _description 
2022-01-13 03:59:50,356 1235301 WARNING pro15 odoo.models: The model intrutor has no _description 
2022-01-13 03:59:50,356 1235301 WARNING pro15 odoo.models: The model library.book.category has no _description 
2022-01-13 03:59:50,364 1235301 WARNING pro15 odoo.models: The model product.pet has no _description 
2022-01-13 03:59:50,481 1235301 INFO pro15 odoo.modules.loading: 77 modules loaded in 1.30s, 240 queries (+0 extra) 
2022-01-13 03:59:50,483 1235301 WARNING pro15 odoo.modules.graph: module my_module: not installable, skipped 
2022-01-13 03:59:50,490 1235301 INFO pro15 odoo.modules.loading: loading 77 modules... 
2022-01-13 03:59:50,493 1235301 INFO pro15 odoo.modules.loading: 77 modules loaded in 0.00s, 0 queries (+0 extra) 
2022-01-13 03:59:50,494 1235301 WARNING pro15 odoo.modules.graph: module my_module: not installable, skipped 
2022-01-13 03:59:50,500 1235301 INFO pro15 odoo.modules.loading: loading 77 modules... 
2022-01-13 03:59:50,501 1235301 INFO pro15 odoo.modules.loading: 77 modules loaded in 0.00s, 0 queries (+0 extra) 
2022-01-13 03:59:50,502 1235301 ERROR pro15 odoo.modules.loading: Some modules are not loaded, some dependencies or manifest may be missing: ['my_module'] 
2022-01-13 03:59:51,175 1235301 INFO pro15 odoo.modules.loading: Model library.book.rent is declared but cannot be loaded! (Perhaps a module was partially removed or renamed) 
2022-01-13 03:59:51,176 1235301 INFO pro15 odoo.modules.loading: Model library.book.rent.statistics is declared but cannot be loaded! (Perhaps a module was partially removed or renamed) 
2022-01-13 03:59:51,176 1235301 INFO pro15 odoo.modules.loading: Model library.rent.wizard is declared but cannot be loaded! (Perhaps a module was partially removed or renamed) 
2022-01-13 03:59:51,176 1235301 INFO pro15 odoo.modules.loading: Model library.return.wizard is declared but cannot be loaded! (Perhaps a module was partially removed or renamed) 
2022-01-13 03:59:51,182 1235301 INFO pro15 odoo.addons.base.models.ir_model: Deleting 537@ir.ui.menu (my_library.library_book_setting_menu) 
2022-01-13 03:59:51,935 1235301 INFO pro15 odoo.models.unlink: User #1 deleted ir.model.data records with IDs: [106963] 
2022-01-13 03:59:51,935 1235301 INFO pro15 odoo.models.unlink: User #1 deleted ir.ui.menu records with IDs: [537] 
2022-01-13 03:59:51,938 1235301 INFO pro15 odoo.addons.base.models.ir_model: Deleting 670@ir.actions.act_window (my_library.library_config_settings_action) 
2022-01-13 03:59:51,954 1235301 INFO pro15 odoo.models.unlink: User #1 deleted ir.model.data records with IDs: [106962] 
2022-01-13 03:59:51,955 1235301 INFO pro15 odoo.models.unlink: User #1 deleted ir.actions.act_window records with IDs: [670] 
2022-01-13 03:59:51,957 1235301 INFO pro15 odoo.addons.base.models.ir_model: Deleting 1974@ir.ui.view (my_library.res_config_settings_view_form) 
2022-01-13 03:59:51,982 1235301 INFO pro15 odoo.models.unlink: User #1 deleted ir.model.data records with IDs: [106961] 
2022-01-13 03:59:51,982 1235301 INFO pro15 odoo.models.unlink: User #1 deleted ir.ui.view records with IDs: [1974] 
2022-01-13 03:59:51,985 1235301 INFO pro15 odoo.addons.base.models.ir_model: Deleting 1973@ir.ui.view (my_library.library_book_rent_view_pivot) 
2022-01-13 03:59:52,006 1235301 INFO pro15 odoo.models.unlink: User #1 deleted ir.model.data records with IDs: [106960] 
2022-01-13 03:59:52,007 1235301 INFO pro15 odoo.models.unlink: User #1 deleted ir.ui.view records with IDs: [1973] 
2022-01-13 03:59:52,008 1235301 INFO pro15 odoo.addons.base.models.ir_model: Deleting 536@ir.ui.menu (my_library.library_book_rent_statistics_menu) 
2022-01-13 03:59:52,024 1235301 INFO pro15 odoo.models.unlink: User #1 deleted ir.model.data records with IDs: [106959] 
2022-01-13 03:59:52,024 1235301 INFO pro15 odoo.models.unlink: User #1 deleted ir.ui.menu records with IDs: [536] 
2022-01-13 03:59:52,025 1235301 INFO pro15 odoo.addons.base.models.ir_model: Deleting 669@ir.actions.act_window (my_library.library_book_rent_statistics_action) 
2022-01-13 03:59:52,042 1235301 INFO pro15 odoo.models.unlink: User #1 deleted ir.model.data records with IDs: [106958] 
2022-01-13 03:59:52,042 1235301 INFO pro15 odoo.models.unlink: User #1 deleted ir.actions.act_window records with IDs: [669] 
2022-01-13 03:59:52,043 1235301 INFO pro15 odoo.addons.base.models.ir_model: Deleting 535@ir.ui.menu (my_library.menu_wizard_return_books) 
2022-01-13 03:59:52,063 1235301 INFO pro15 odoo.models.unlink: User #1 deleted ir.model.data records with IDs: [106957] 
2022-01-13 03:59:52,063 1235301 INFO pro15 odoo.models.unlink: User #1 deleted ir.ui.menu records with IDs: [535] 
2022-01-13 03:59:52,065 1235301 INFO pro15 odoo.addons.base.models.ir_model: Deleting 668@ir.actions.act_window (my_library.action_wizard_return_books) 
2022-01-13 03:59:52,083 1235301 INFO pro15 odoo.models.unlink: User #1 deleted ir.model.data records with IDs: [106956] 
2022-01-13 03:59:52,083 1235301 INFO pro15 odoo.models.unlink: User #1 deleted ir.actions.act_window records with IDs: [668] 
2022-01-13 03:59:52,086 1235301 INFO pro15 odoo.addons.base.models.ir_model: Deleting 1972@ir.ui.view (my_library.library_return_wizard_form) 
2022-01-13 03:59:52,109 1235301 INFO pro15 odoo.models.unlink: User #1 deleted ir.model.data records with IDs: [106955] 
2022-01-13 03:59:52,109 1235301 INFO pro15 odoo.models.unlink: User #1 deleted ir.ui.view records with IDs: [1972] 
2022-01-13 03:59:52,111 1235301 INFO pro15 odoo.addons.base.models.ir_model: Deleting 534@ir.ui.menu (my_library.menu_wizard_rent_books) 
2022-01-13 03:59:52,126 1235301 INFO pro15 odoo.models.unlink: User #1 deleted ir.model.data records with IDs: [106954] 
2022-01-13 03:59:52,126 1235301 INFO pro15 odoo.models.unlink: User #1 deleted ir.ui.menu records with IDs: [534] 
2022-01-13 03:59:52,130 1235301 INFO pro15 odoo.addons.base.models.ir_model: Deleting 667@ir.actions.act_window (my_library.action_wizard_rent_books) 
2022-01-13 03:59:52,150 1235301 INFO pro15 odoo.models.unlink: User #1 deleted ir.model.data records with IDs: [106953] 
2022-01-13 03:59:52,151 1235301 INFO pro15 odoo.models.unlink: User #1 deleted ir.actions.act_window records with IDs: [667] 
2022-01-13 03:59:52,156 1235301 INFO pro15 odoo.addons.base.models.ir_model: Deleting 1971@ir.ui.view (my_library.library_rent_wizard_form) 
2022-01-13 03:59:52,191 1235301 INFO pro15 odoo.models.unlink: User #1 deleted ir.model.data records with IDs: [106952] 
2022-01-13 03:59:52,192 1235301 INFO pro15 odoo.models.unlink: User #1 deleted ir.ui.view records with IDs: [1971] 
2022-01-13 03:59:52,194 1235301 INFO pro15 odoo.addons.base.models.ir_model: Deleting 1970@ir.ui.view (my_library.library_book_rent_view_search) 
2022-01-13 03:59:52,218 1235301 INFO pro15 odoo.models.unlink: User #1 deleted ir.model.data records with IDs: [106951] 
2022-01-13 03:59:52,218 1235301 INFO pro15 odoo.models.unlink: User #1 deleted ir.ui.view records with IDs: [1970] 
2022-01-13 03:59:52,221 1235301 INFO pro15 odoo.addons.base.models.ir_model: Deleting 1969@ir.ui.view (my_library.library_book_rent_view_tree) 
2022-01-13 03:59:52,247 1235301 INFO pro15 odoo.models.unlink: User #1 deleted ir.model.data records with IDs: [106950] 
2022-01-13 03:59:52,247 1235301 INFO pro15 odoo.models.unlink: User #1 deleted ir.ui.view records with IDs: [1969] 
2022-01-13 03:59:52,250 1235301 INFO pro15 odoo.addons.base.models.ir_model: Deleting 1968@ir.ui.view (my_library.library_book_rent_view_form) 
2022-01-13 03:59:52,272 1235301 INFO pro15 odoo.models.unlink: User #1 deleted ir.model.data records with IDs: [106949] 
2022-01-13 03:59:52,272 1235301 INFO pro15 odoo.models.unlink: User #1 deleted ir.ui.view records with IDs: [1968] 
2022-01-13 03:59:52,273 1235301 INFO pro15 odoo.addons.base.models.ir_model: Deleting 533@ir.ui.menu (my_library.library_book_rent_menu) 
2022-01-13 03:59:52,289 1235301 INFO pro15 odoo.models.unlink: User #1 deleted ir.model.data records with IDs: [106948] 
2022-01-13 03:59:52,289 1235301 INFO pro15 odoo.models.unlink: User #1 deleted ir.ui.menu records with IDs: [533] 
2022-01-13 03:59:52,291 1235301 INFO pro15 odoo.addons.base.models.ir_model: Deleting 666@ir.actions.act_window (my_library.library_book_rent_action) 
2022-01-13 03:59:52,307 1235301 INFO pro15 odoo.models.unlink: User #1 deleted ir.model.data records with IDs: [106947] 
2022-01-13 03:59:52,308 1235301 INFO pro15 odoo.models.unlink: User #1 deleted ir.actions.act_window records with IDs: [666] 
2022-01-13 03:59:52,309 1235301 INFO pro15 odoo.addons.base.models.ir_model: Deleting 1163@ir.model.access (my_library.access_library_return_wizard) 
2022-01-13 03:59:52,325 1235301 INFO pro15 odoo.models.unlink: User #1 deleted ir.model.data records with IDs: [106936] 
2022-01-13 03:59:52,325 1235301 INFO pro15 odoo.models.unlink: User #1 deleted ir.model.access records with IDs: [1163] 
2022-01-13 03:59:52,327 1235301 INFO pro15 odoo.addons.base.models.ir_model: Deleting 1162@ir.model.access (my_library.access_library_rent_wizard) 
2022-01-13 03:59:52,342 1235301 INFO pro15 odoo.models.unlink: User #1 deleted ir.model.data records with IDs: [106935] 
2022-01-13 03:59:52,343 1235301 INFO pro15 odoo.models.unlink: User #1 deleted ir.model.access records with IDs: [1162] 
2022-01-13 03:59:52,344 1235301 INFO pro15 odoo.addons.base.models.ir_model: Deleting 1161@ir.model.access (my_library.book_rent_statistics_librarian) 
2022-01-13 03:59:52,360 1235301 INFO pro15 odoo.models.unlink: User #1 deleted ir.model.data records with IDs: [106934] 
2022-01-13 03:59:52,360 1235301 INFO pro15 odoo.models.unlink: User #1 deleted ir.model.access records with IDs: [1161] 
2022-01-13 03:59:52,362 1235301 INFO pro15 odoo.addons.base.models.ir_model: Deleting 1160@ir.model.access (my_library.access_library_book_rent_librarian) 
2022-01-13 03:59:52,378 1235301 INFO pro15 odoo.models.unlink: User #1 deleted ir.model.data records with IDs: [106933] 
2022-01-13 03:59:52,379 1235301 INFO pro15 odoo.models.unlink: User #1 deleted ir.model.access records with IDs: [1160] 
2022-01-13 03:59:52,381 1235301 INFO pro15 odoo.addons.base.models.ir_model: Deleting 1159@ir.model.access (my_library.access_library_book_rent) 
2022-01-13 03:59:52,397 1235301 INFO pro15 odoo.models.unlink: User #1 deleted ir.model.data records with IDs: [106932] 
2022-01-13 03:59:52,397 1235301 INFO pro15 odoo.models.unlink: User #1 deleted ir.model.access records with IDs: [1159] 
2022-01-13 03:59:52,399 1235301 INFO pro15 odoo.addons.base.models.ir_model: Deleting 1156@ir.model.access (my_library.access_library_book_librarian) 
2022-01-13 03:59:52,412 1235301 INFO pro15 odoo.models.unlink: User #1 deleted ir.model.data records with IDs: [106929] 
2022-01-13 03:59:52,412 1235301 INFO pro15 odoo.models.unlink: User #1 deleted ir.model.access records with IDs: [1156] 
2022-01-13 03:59:52,414 1235301 INFO pro15 odoo.addons.base.models.ir_model: Deleting 96@res.groups (my_library.group_self_borrow) 
2022-01-13 03:59:52,493 1235301 INFO pro15 odoo.models.unlink: User #1 deleted ir.model.data records with IDs: [106927] 
2022-01-13 03:59:52,493 1235301 INFO pro15 odoo.models.unlink: User #1 deleted res.groups records with IDs: [96] 
2022-01-13 03:59:52,704 1235301 INFO pro15 odoo.addons.base.models.ir_model: Deleting 1596@ir.model.fields.selection (my_library.selection__library_book_rent__state__returned) 
2022-01-13 03:59:52,713 1235301 WARNING pro15 odoo.modules.loading: Transient module states were reset 
2022-01-13 03:59:52,713 1235301 ERROR pro15 odoo.modules.registry: Failed to load registry 
2022-01-13 03:59:52,719 1235301 INFO pro15 odoo.modules.loading: loading 1 modules... 
2022-01-13 03:59:52,750 1235301 INFO pro15 odoo.modules.loading: 1 modules loaded in 0.03s, 0 queries (+0 extra) 
2022-01-13 03:59:52,798 1235301 WARNING pro15 odoo.modules.graph: module my_module: not installable, skipped 
2022-01-13 03:59:52,833 1235301 INFO pro15 odoo.modules.loading: loading 77 modules... 
2022-01-13 03:59:52,835 1235301 WARNING pro15 odoo.models: The model salary has no _description 
2022-01-13 03:59:52,835 1235301 WARNING pro15 odoo.models: The model intrutor has no _description 
2022-01-13 03:59:52,836 1235301 INFO pro15 odoo.modules.loading: Loading module my_library (3/77) 
2022-01-13 03:59:53,089 1235301 WARNING pro15 odoo.models: The model library.book.category has no _description 
2022-01-13 03:59:53,148 1235301 INFO pro15 odoo.modules.registry: module my_library: creating or updating database tables 
2022-01-13 03:59:53,272 1235301 INFO pro15 odoo.modules.loading: loading my_library/security/groups.xml 
2022-01-13 03:59:53,392 1235301 INFO pro15 odoo.modules.loading: loading my_library/security/ir.model.access.csv 
2022-01-13 03:59:53,492 1235301 INFO pro15 odoo.modules.loading: loading my_library/views/librarybook.xml 
2022-01-13 03:59:53,601 1235301 INFO pro15 odoo.modules.loading: loading my_library/views/library_book_categ.xml 
2022-01-13 03:59:53,706 1235301 INFO pro15 odoo.modules.loading: Module my_library loaded in 0.87s, 243 queries 
2022-01-13 03:59:53,718 1235301 WARNING pro15 odoo.models: The model salary has no _description 
2022-01-13 03:59:53,718 1235301 WARNING pro15 odoo.models: The model intrutor has no _description 
2022-01-13 03:59:53,719 1235301 WARNING pro15 odoo.models: The model library.book.category has no _description 
2022-01-13 03:59:53,733 1235301 WARNING pro15 odoo.models: The model salary has no _description 
2022-01-13 03:59:53,733 1235301 WARNING pro15 odoo.models: The model intrutor has no _description 
2022-01-13 03:59:53,734 1235301 WARNING pro15 odoo.models: The model library.book.category has no _description 
2022-01-13 03:59:53,773 1235301 WARNING pro15 odoo.models: The model salary has no _description 
2022-01-13 03:59:53,773 1235301 WARNING pro15 odoo.models: The model intrutor has no _description 
2022-01-13 03:59:53,773 1235301 WARNING pro15 odoo.models: The model library.book.category has no _description 
2022-01-13 03:59:53,794 1235301 WARNING pro15 odoo.models: The model salary has no _description 
2022-01-13 03:59:53,794 1235301 WARNING pro15 odoo.models: The model intrutor has no _description 
2022-01-13 03:59:53,795 1235301 WARNING pro15 odoo.models: The model library.book.category has no _description 
2022-01-13 03:59:53,843 1235301 WARNING pro15 odoo.models: The model product.pet has no _description 
2022-01-13 03:59:53,978 1235301 WARNING pro15 odoo.models: The model salary has no _description 
2022-01-13 03:59:53,978 1235301 WARNING pro15 odoo.models: The model intrutor has no _description 
2022-01-13 03:59:53,979 1235301 WARNING pro15 odoo.models: The model library.book.category has no _description 
2022-01-13 03:59:53,986 1235301 WARNING pro15 odoo.models: The model product.pet has no _description 
2022-01-13 03:59:54,106 1235301 INFO pro15 odoo.modules.loading: 77 modules loaded in 1.27s, 243 queries (+0 extra) 
2022-01-13 03:59:54,109 1235301 WARNING pro15 odoo.modules.graph: module my_module: not installable, skipped 
2022-01-13 03:59:54,115 1235301 INFO pro15 odoo.modules.loading: loading 77 modules... 
2022-01-13 03:59:54,116 1235301 INFO pro15 odoo.modules.loading: 77 modules loaded in 0.00s, 0 queries (+0 extra) 
2022-01-13 03:59:54,117 1235301 WARNING pro15 odoo.modules.graph: module my_module: not installable, skipped 
2022-01-13 03:59:54,122 1235301 INFO pro15 odoo.modules.loading: loading 77 modules... 
2022-01-13 03:59:54,123 1235301 INFO pro15 odoo.modules.loading: 77 modules loaded in 0.00s, 0 queries (+0 extra) 
2022-01-13 03:59:54,124 1235301 ERROR pro15 odoo.modules.loading: Some modules are not loaded, some dependencies or manifest may be missing: ['my_module'] 
2022-01-13 03:59:54,722 1235301 INFO pro15 odoo.modules.loading: Model library.book.rent is declared but cannot be loaded! (Perhaps a module was partially removed or renamed) 
2022-01-13 03:59:54,722 1235301 INFO pro15 odoo.modules.loading: Model library.book.rent.statistics is declared but cannot be loaded! (Perhaps a module was partially removed or renamed) 
2022-01-13 03:59:54,723 1235301 INFO pro15 odoo.modules.loading: Model library.rent.wizard is declared but cannot be loaded! (Perhaps a module was partially removed or renamed) 
2022-01-13 03:59:54,723 1235301 INFO pro15 odoo.modules.loading: Model library.return.wizard is declared but cannot be loaded! (Perhaps a module was partially removed or renamed) 
2022-01-13 03:59:54,728 1235301 INFO pro15 odoo.addons.base.models.ir_model: Deleting 537@ir.ui.menu (my_library.library_book_setting_menu) 
2022-01-13 03:59:55,482 1235301 INFO pro15 odoo.models.unlink: User #1 deleted ir.model.data records with IDs: [106963] 
2022-01-13 03:59:55,482 1235301 INFO pro15 odoo.models.unlink: User #1 deleted ir.ui.menu records with IDs: [537] 
2022-01-13 03:59:55,485 1235301 INFO pro15 odoo.addons.base.models.ir_model: Deleting 670@ir.actions.act_window (my_library.library_config_settings_action) 
2022-01-13 03:59:55,507 1235301 INFO pro15 odoo.models.unlink: User #1 deleted ir.model.data records with IDs: [106962] 
2022-01-13 03:59:55,507 1235301 INFO pro15 odoo.models.unlink: User #1 deleted ir.actions.act_window records with IDs: [670] 
2022-01-13 03:59:55,510 1235301 INFO pro15 odoo.addons.base.models.ir_model: Deleting 1974@ir.ui.view (my_library.res_config_settings_view_form) 
2022-01-13 03:59:55,541 1235301 INFO pro15 odoo.models.unlink: User #1 deleted ir.model.data records with IDs: [106961] 
2022-01-13 03:59:55,541 1235301 INFO pro15 odoo.models.unlink: User #1 deleted ir.ui.view records with IDs: [1974] 
2022-01-13 03:59:55,544 1235301 INFO pro15 odoo.addons.base.models.ir_model: Deleting 1973@ir.ui.view (my_library.library_book_rent_view_pivot) 
2022-01-13 03:59:55,571 1235301 INFO pro15 odoo.models.unlink: User #1 deleted ir.model.data records with IDs: [106960] 
2022-01-13 03:59:55,572 1235301 INFO pro15 odoo.models.unlink: User #1 deleted ir.ui.view records with IDs: [1973] 
2022-01-13 03:59:55,573 1235301 INFO pro15 odoo.addons.base.models.ir_model: Deleting 536@ir.ui.menu (my_library.library_book_rent_statistics_menu) 
2022-01-13 03:59:55,589 1235301 INFO pro15 odoo.models.unlink: User #1 deleted ir.model.data records with IDs: [106959] 
2022-01-13 03:59:55,589 1235301 INFO pro15 odoo.models.unlink: User #1 deleted ir.ui.menu records with IDs: [536] 
2022-01-13 03:59:55,591 1235301 INFO pro15 odoo.addons.base.models.ir_model: Deleting 669@ir.actions.act_window (my_library.library_book_rent_statistics_action) 
2022-01-13 03:59:55,610 1235301 INFO pro15 odoo.models.unlink: User #1 deleted ir.model.data records with IDs: [106958] 
2022-01-13 03:59:55,610 1235301 INFO pro15 odoo.models.unlink: User #1 deleted ir.actions.act_window records with IDs: [669] 
2022-01-13 03:59:55,612 1235301 INFO pro15 odoo.addons.base.models.ir_model: Deleting 535@ir.ui.menu (my_library.menu_wizard_return_books) 
2022-01-13 03:59:55,628 1235301 INFO pro15 odoo.models.unlink: User #1 deleted ir.model.data records with IDs: [106957] 
2022-01-13 03:59:55,628 1235301 INFO pro15 odoo.models.unlink: User #1 deleted ir.ui.menu records with IDs: [535] 
2022-01-13 03:59:55,631 1235301 INFO pro15 odoo.addons.base.models.ir_model: Deleting 668@ir.actions.act_window (my_library.action_wizard_return_books) 
2022-01-13 03:59:55,650 1235301 INFO pro15 odoo.models.unlink: User #1 deleted ir.model.data records with IDs: [106956] 
2022-01-13 03:59:55,650 1235301 INFO pro15 odoo.models.unlink: User #1 deleted ir.actions.act_window records with IDs: [668] 
2022-01-13 03:59:55,652 1235301 INFO pro15 odoo.addons.base.models.ir_model: Deleting 1972@ir.ui.view (my_library.library_return_wizard_form) 
2022-01-13 03:59:55,678 1235301 INFO pro15 odoo.models.unlink: User #1 deleted ir.model.data records with IDs: [106955] 
2022-01-13 03:59:55,678 1235301 INFO pro15 odoo.models.unlink: User #1 deleted ir.ui.view records with IDs: [1972] 
2022-01-13 03:59:55,681 1235301 INFO pro15 odoo.addons.base.models.ir_model: Deleting 534@ir.ui.menu (my_library.menu_wizard_rent_books) 
2022-01-13 03:59:55,697 1235301 INFO pro15 odoo.models.unlink: User #1 deleted ir.model.data records with IDs: [106954] 
2022-01-13 03:59:55,697 1235301 INFO pro15 odoo.models.unlink: User #1 deleted ir.ui.menu records with IDs: [534] 
2022-01-13 03:59:55,700 1235301 INFO pro15 odoo.addons.base.models.ir_model: Deleting 667@ir.actions.act_window (my_library.action_wizard_rent_books) 
2022-01-13 03:59:55,719 1235301 INFO pro15 odoo.models.unlink: User #1 deleted ir.model.data records with IDs: [106953] 
2022-01-13 03:59:55,719 1235301 INFO pro15 odoo.models.unlink: User #1 deleted ir.actions.act_window records with IDs: [667] 
2022-01-13 03:59:55,721 1235301 INFO pro15 odoo.addons.base.models.ir_model: Deleting 1971@ir.ui.view (my_library.library_rent_wizard_form) 
2022-01-13 03:59:55,743 1235301 INFO pro15 odoo.models.unlink: User #1 deleted ir.model.data records with IDs: [106952] 
2022-01-13 03:59:55,744 1235301 INFO pro15 odoo.models.unlink: User #1 deleted ir.ui.view records with IDs: [1971] 
2022-01-13 03:59:55,747 1235301 INFO pro15 odoo.addons.base.models.ir_model: Deleting 1970@ir.ui.view (my_library.library_book_rent_view_search) 
2022-01-13 03:59:55,772 1235301 INFO pro15 odoo.models.unlink: User #1 deleted ir.model.data records with IDs: [106951] 
2022-01-13 03:59:55,772 1235301 INFO pro15 odoo.models.unlink: User #1 deleted ir.ui.view records with IDs: [1970] 
2022-01-13 03:59:55,775 1235301 INFO pro15 odoo.addons.base.models.ir_model: Deleting 1969@ir.ui.view (my_library.library_book_rent_view_tree) 
2022-01-13 03:59:55,805 1235301 INFO pro15 odoo.models.unlink: User #1 deleted ir.model.data records with IDs: [106950] 
2022-01-13 03:59:55,805 1235301 INFO pro15 odoo.models.unlink: User #1 deleted ir.ui.view records with IDs: [1969] 
2022-01-13 03:59:55,809 1235301 INFO pro15 odoo.addons.base.models.ir_model: Deleting 1968@ir.ui.view (my_library.library_book_rent_view_form) 
2022-01-13 03:59:55,840 1235301 INFO pro15 odoo.models.unlink: User #1 deleted ir.model.data records with IDs: [106949] 
2022-01-13 03:59:55,840 1235301 INFO pro15 odoo.models.unlink: User #1 deleted ir.ui.view records with IDs: [1968] 
2022-01-13 03:59:55,843 1235301 INFO pro15 odoo.addons.base.models.ir_model: Deleting 533@ir.ui.menu (my_library.library_book_rent_menu) 
2022-01-13 03:59:55,873 1235301 INFO pro15 odoo.models.unlink: User #1 deleted ir.model.data records with IDs: [106948] 
2022-01-13 03:59:55,873 1235301 INFO pro15 odoo.models.unlink: User #1 deleted ir.ui.menu records with IDs: [533] 
2022-01-13 03:59:55,876 1235301 INFO pro15 odoo.addons.base.models.ir_model: Deleting 666@ir.actions.act_window (my_library.library_book_rent_action) 
2022-01-13 03:59:55,917 1235301 INFO pro15 odoo.models.unlink: User #1 deleted ir.model.data records with IDs: [106947] 
2022-01-13 03:59:55,917 1235301 INFO pro15 odoo.models.unlink: User #1 deleted ir.actions.act_window records with IDs: [666] 
2022-01-13 03:59:55,920 1235301 INFO pro15 odoo.addons.base.models.ir_model: Deleting 1163@ir.model.access (my_library.access_library_return_wizard) 
2022-01-13 03:59:55,940 1235301 INFO pro15 odoo.models.unlink: User #1 deleted ir.model.data records with IDs: [106936] 
2022-01-13 03:59:55,940 1235301 INFO pro15 odoo.models.unlink: User #1 deleted ir.model.access records with IDs: [1163] 
2022-01-13 03:59:55,942 1235301 INFO pro15 odoo.addons.base.models.ir_model: Deleting 1162@ir.model.access (my_library.access_library_rent_wizard) 
2022-01-13 03:59:55,964 1235301 INFO pro15 odoo.models.unlink: User #1 deleted ir.model.data records with IDs: [106935] 
2022-01-13 03:59:55,965 1235301 INFO pro15 odoo.models.unlink: User #1 deleted ir.model.access records with IDs: [1162] 
2022-01-13 03:59:55,967 1235301 INFO pro15 odoo.addons.base.models.ir_model: Deleting 1161@ir.model.access (my_library.book_rent_statistics_librarian) 
2022-01-13 03:59:55,992 1235301 INFO pro15 odoo.models.unlink: User #1 deleted ir.model.data records with IDs: [106934] 
2022-01-13 03:59:55,992 1235301 INFO pro15 odoo.models.unlink: User #1 deleted ir.model.access records with IDs: [1161] 
2022-01-13 03:59:55,995 1235301 INFO pro15 odoo.addons.base.models.ir_model: Deleting 1160@ir.model.access (my_library.access_library_book_rent_librarian) 
2022-01-13 03:59:56,026 1235301 INFO pro15 odoo.models.unlink: User #1 deleted ir.model.data records with IDs: [106933] 
2022-01-13 03:59:56,027 1235301 INFO pro15 odoo.models.unlink: User #1 deleted ir.model.access records with IDs: [1160] 
2022-01-13 03:59:56,029 1235301 INFO pro15 odoo.addons.base.models.ir_model: Deleting 1159@ir.model.access (my_library.access_library_book_rent) 
2022-01-13 03:59:56,055 1235301 INFO pro15 odoo.models.unlink: User #1 deleted ir.model.data records with IDs: [106932] 
2022-01-13 03:59:56,056 1235301 INFO pro15 odoo.models.unlink: User #1 deleted ir.model.access records with IDs: [1159] 
2022-01-13 03:59:56,058 1235301 INFO pro15 odoo.addons.base.models.ir_model: Deleting 1156@ir.model.access (my_library.access_library_book_librarian) 
2022-01-13 03:59:56,082 1235301 INFO pro15 odoo.models.unlink: User #1 deleted ir.model.data records with IDs: [106929] 
2022-01-13 03:59:56,082 1235301 INFO pro15 odoo.models.unlink: User #1 deleted ir.model.access records with IDs: [1156] 
2022-01-13 03:59:56,085 1235301 INFO pro15 odoo.addons.base.models.ir_model: Deleting 96@res.groups (my_library.group_self_borrow) 
2022-01-13 03:59:56,198 1235301 INFO pro15 odoo.models.unlink: User #1 deleted ir.model.data records with IDs: [106927] 
2022-01-13 03:59:56,198 1235301 INFO pro15 odoo.models.unlink: User #1 deleted res.groups records with IDs: [96] 
2022-01-13 03:59:56,377 1235301 INFO pro15 odoo.addons.base.models.ir_model: Deleting 1596@ir.model.fields.selection (my_library.selection__library_book_rent__state__returned) 
2022-01-13 03:59:56,387 1235301 WARNING pro15 odoo.modules.loading: Transient module states were reset 
2022-01-13 03:59:56,387 1235301 ERROR pro15 odoo.modules.registry: Failed to load registry 
2022-01-13 03:59:56,398 1235301 INFO pro15 werkzeug: 127.0.0.1 - - [13/Jan/2022 03:59:56] "GET / HTTP/1.1" 500 - 2323 1.475 5.902
2022-01-13 03:59:56,423 1235301 ERROR pro15 werkzeug: Error on request:
Traceback (most recent call last):
  File "/home/thinhnv/Desktop/Odoo/99.Odoo14/server/odoo/modules/registry.py", line 63, in __new__
    return cls.registries[db_name]
  File "/home/thinhnv/Desktop/Odoo/99.Odoo14/server/odoo/tools/func.py", line 71, in wrapper
    return func(self, *args, **kwargs)
  File "/home/thinhnv/Desktop/Odoo/99.Odoo14/server/odoo/tools/lru.py", line 34, in __getitem__
    a = self.d[obj]
KeyError: 'pro15'

During handling of the above exception, another exception occurred:

Traceback (most recent call last):
  File "/home/thinhnv/Desktop/Odoo/99.Odoo14/server/odoo/http.py", line 1460, in dispatch
    odoo.registry(db).check_signaling()
  File "/home/thinhnv/Desktop/Odoo/99.Odoo14/server/odoo/__init__.py", line 104, in registry
    return modules.registry.Registry(database_name)
  File "/home/thinhnv/Desktop/Odoo/99.Odoo14/server/odoo/modules/registry.py", line 65, in __new__
    return cls.new(db_name)
  File "/home/thinhnv/Desktop/Odoo/99.Odoo14/server/odoo/modules/registry.py", line 89, in new
    odoo.modules.load_modules(registry._db, force_demo, status, update_module)
  File "/home/thinhnv/Desktop/Odoo/99.Odoo14/server/odoo/modules/loading.py", line 503, in load_modules
    env['ir.model.data']._process_end(processed_modules)
  File "/home/thinhnv/Desktop/Odoo/99.Odoo14/server/odoo/addons/base/models/ir_model.py", line 2296, in _process_end
    record.unlink()
  File "/home/thinhnv/Desktop/Odoo/99.Odoo14/server/odoo/addons/base/models/ir_model.py", line 1370, in unlink
    self._process_ondelete()
  File "/home/thinhnv/Desktop/Odoo/99.Odoo14/server/odoo/addons/base/models/ir_model.py", line 1408, in _process_ondelete
    Model = self.env[selection.field_id.model]
  File "/home/thinhnv/Desktop/Odoo/99.Odoo14/server/odoo/api.py", line 476, in __getitem__
    return self.registry[model_name]._browse(self, (), ())
  File "/home/thinhnv/Desktop/Odoo/99.Odoo14/server/odoo/modules/registry.py", line 177, in __getitem__
    return self.models[model_name]
KeyError: 'library.book.rent'

During handling of the above exception, another exception occurred:

Traceback (most recent call last):
  File "/home/thinhnv/Desktop/Odoo/99.Odoo14/server/odoo/modules/registry.py", line 63, in __new__
    return cls.registries[db_name]
  File "/home/thinhnv/Desktop/Odoo/99.Odoo14/server/odoo/tools/func.py", line 71, in wrapper
    return func(self, *args, **kwargs)
  File "/home/thinhnv/Desktop/Odoo/99.Odoo14/server/odoo/tools/lru.py", line 34, in __getitem__
    a = self.d[obj]
KeyError: 'pro15'

During handling of the above exception, another exception occurred:

Traceback (most recent call last):
  File "/home/thinhnv/Desktop/Odoo/venv/lib/python3.9/site-packages/werkzeug/serving.py", line 306, in run_wsgi
    execute(self.server.app)
  File "/home/thinhnv/Desktop/Odoo/venv/lib/python3.9/site-packages/werkzeug/serving.py", line 294, in execute
    application_iter = app(environ, start_response)
  File "/home/thinhnv/Desktop/Odoo/99.Odoo14/server/odoo/service/server.py", line 441, in app
    return self.app(e, s)
  File "/home/thinhnv/Desktop/Odoo/99.Odoo14/server/odoo/service/wsgi_server.py", line 113, in application
    return application_unproxied(environ, start_response)
  File "/home/thinhnv/Desktop/Odoo/99.Odoo14/server/odoo/service/wsgi_server.py", line 88, in application_unproxied
    result = odoo.http.root(environ, start_response)
  File "/home/thinhnv/Desktop/Odoo/99.Odoo14/server/odoo/http.py", line 1306, in __call__
    return self.dispatch(environ, start_response)
  File "/home/thinhnv/Desktop/Odoo/99.Odoo14/server/odoo/http.py", line 1272, in __call__
    return self.app(environ, start_wrapped)
  File "/home/thinhnv/Desktop/Odoo/venv/lib/python3.9/site-packages/werkzeug/middleware/shared_data.py", line 220, in __call__
    return self.app(environ, start_response)
  File "/home/thinhnv/Desktop/Odoo/99.Odoo14/server/odoo/http.py", line 1482, in dispatch
    response = self.get_response(httprequest, result, explicit_session)
  File "/home/thinhnv/Desktop/Odoo/99.Odoo14/server/odoo/http.py", line 282, in __exit__
    elif self.registry:
  File "/home/thinhnv/Desktop/Odoo/99.Odoo14/server/odoo/http.py", line 378, in registry
    return odoo.registry(self.db)
  File "/home/thinhnv/Desktop/Odoo/99.Odoo14/server/odoo/__init__.py", line 104, in registry
    return modules.registry.Registry(database_name)
  File "/home/thinhnv/Desktop/Odoo/99.Odoo14/server/odoo/modules/registry.py", line 65, in __new__
    return cls.new(db_name)
  File "/home/thinhnv/Desktop/Odoo/99.Odoo14/server/odoo/modules/registry.py", line 89, in new
    odoo.modules.load_modules(registry._db, force_demo, status, update_module)
  File "/home/thinhnv/Desktop/Odoo/99.Odoo14/server/odoo/modules/loading.py", line 503, in load_modules
    env['ir.model.data']._process_end(processed_modules)
  File "/home/thinhnv/Desktop/Odoo/99.Odoo14/server/odoo/addons/base/models/ir_model.py", line 2296, in _process_end
    record.unlink()
  File "/home/thinhnv/Desktop/Odoo/99.Odoo14/server/odoo/addons/base/models/ir_model.py", line 1370, in unlink
    self._process_ondelete()
  File "/home/thinhnv/Desktop/Odoo/99.Odoo14/server/odoo/addons/base/models/ir_model.py", line 1408, in _process_ondelete
    Model = self.env[selection.field_id.model]
  File "/home/thinhnv/Desktop/Odoo/99.Odoo14/server/odoo/api.py", line 476, in __getitem__
    return self.registry[model_name]._browse(self, (), ())
  File "/home/thinhnv/Desktop/Odoo/99.Odoo14/server/odoo/modules/registry.py", line 177, in __getitem__
    return self.models[model_name]
KeyError: 'library.book.rent' - - -
